\BOOKMARK [0][-]{chapter*.2}{Introduction}{}% 1
\BOOKMARK [0][-]{chapter*.3}{Background}{}% 2
\BOOKMARK [1][-]{section*.4}{Reversible Flowcharts}{chapter*.3}% 3
\BOOKMARK [1][-]{section*.7}{RL and SRL}{chapter*.3}% 4
\BOOKMARK [0][-]{chapter*.9}{Implementation}{}% 5
\BOOKMARK [1][-]{section*.10}{The Interpreters}{chapter*.9}% 6
\BOOKMARK [2][-]{section*.11}{Changes}{section*.10}% 7
\BOOKMARK [2][-]{section*.12}{Common}{section*.10}% 8
\BOOKMARK [2][-]{section*.13}{RL}{section*.10}% 9
\BOOKMARK [2][-]{section*.14}{SRL}{section*.10}% 10
\BOOKMARK [1][-]{section*.15}{Program Inversion}{chapter*.9}% 11
\BOOKMARK [2][-]{section*.16}{Common}{section*.15}% 12
\BOOKMARK [2][-]{section*.17}{RL}{section*.15}% 13
\BOOKMARK [2][-]{section*.18}{SRL}{section*.15}% 14
\BOOKMARK [1][-]{section*.19}{Program Translation}{chapter*.9}% 15
\BOOKMARK [2][-]{section*.20}{SRL to RL}{section*.19}% 16
\BOOKMARK [2][-]{section*.21}{RL to SRL}{section*.19}% 17
\BOOKMARK [1][-]{section*.22}{The Web Interface}{chapter*.9}% 18
\BOOKMARK [2][-]{section*.23}{Client Interface}{section*.22}% 19
\BOOKMARK [2][-]{section*.34}{Server \046 API}{section*.22}% 20
\BOOKMARK [1][-]{section*.37}{Further Improvements}{chapter*.9}% 21
\BOOKMARK [0][-]{chapter*.38}{Documentation}{}% 22
\BOOKMARK [1][-]{section*.39}{Installation}{chapter*.38}% 23
\BOOKMARK [2][-]{section*.40}{Command-Line Interface}{section*.39}% 24
\BOOKMARK [2][-]{section*.41}{Web Interface}{section*.39}% 25
\BOOKMARK [1][-]{section*.42}{Usage}{chapter*.38}% 26
\BOOKMARK [2][-]{section*.43}{Command-Line Interface}{section*.42}% 27
\BOOKMARK [2][-]{section*.44}{Web Interface}{section*.42}% 28
\BOOKMARK [0][-]{section*.48}{Appendices}{}% 29
\BOOKMARK [0][-]{Appendix.a.A}{Source Code}{}% 30
\BOOKMARK [1][-]{section.a.A.1}{Interpreter}{Appendix.a.A}% 31
\BOOKMARK [1][-]{section.a.A.2}{Inversion}{Appendix.a.A}% 32
\BOOKMARK [1][-]{section.a.A.3}{Translation}{Appendix.a.A}% 33
